<?xml version="1.0" encoding="UTF-8"?>
<!-- Generated by org.testng.reporters.JUnitReportReporter -->
<testsuite hostname="P2CLAP-7221NFB" name="pack1.NewTest" tests="1" failures="0" timestamp="26 Mar 2019 05:45:11 GMT" time="0.023" errors="0">
  <testcase name="f" time="0.023" classname="pack1.NewTest"/>
</testsuite> <!-- pack1.NewTest -->
